<?xml version="1.0" encoding="utf-8"?><testsuites name="pytest tests"><testsuite name="pytest" errors="0" failures="1" skipped="0" tests="1" time="27.627" timestamp="2026-02-10T13:55:25.220423+05:30" hostname="VANGAM01"><testcase classname="tests.pytest_end_to_end" name="test_TestCase_01" time="26.828"><failure message="selenium.common.exceptions.InvalidArgumentException: Message: invalid argument: File not found : C:\python32-38\foundit\FounditAutomation\FounditAutomation\data\Madhu_Vanga_SDET_v6.pdf&#10;  (Session info: chrome=144.0.7559.133)&#10;Stacktrace:&#10;Symbols not available. Dumping unresolved backtrace:&#10;&#09;0x7ff7595c88d5&#10;&#09;0x7ff7595c8930&#10;&#09;0x7ff7593a165d&#10;&#09;0x7ff7593f186b&#10;&#09;0x7ff759421fda&#10;&#09;0x7ff7593ec746&#10;&#09;0x7ff75944ac97&#10;&#09;0x7ff7593eac29&#10;&#09;0x7ff7593eba93&#10;&#09;0x7ff7598e0620&#10;&#09;0x7ff7598daf60&#10;&#09;0x7ff7598f96c6&#10;&#09;0x7ff7595e5dd4&#10;&#09;0x7ff7595eed7c&#10;&#09;0x7ff7595d1ff4&#10;&#09;0x7ff7595d21a5&#10;&#09;0x7ff7595b7ed2&#10;&#09;0x7ff962c8259d&#10;&#09;0x7ff96320af78">def test_TestCase_01():
        driver = webdriver.Chrome()
        driver.get("https://www.foundit.in/")
    
        # options = webdriver.ChromeOptions()
        # options.add_argument("--headless=new")  # Required for CI
        # options.add_argument("--window-size=1920,1080")  # Essential for headless
        # options.add_argument("--start-maximized")
        # driver = webdriver.Chrome(options=options)
        # driver.get("https://www.foundit.in/")
    
        driver.maximize_window()
        driver.implicitly_wait(10)
        # --- HANDLING OVERLAYS ---
        # 1. Close Cookie Banner if it exists
        try:
            # Based on Foundit's usual structure
            driver.find_element(By.XPATH, "//button[contains(text(),'Okay')]").click()
        except:
            pass
    
    #******************login page**********************************************
        time.sleep(5)
        welcomepage = driver.find_element(By.CSS_SELECTOR, "svg[xmlns='http://www.w3.org/2000/svg']").text
        print(welcomepage)
        driver.find_element(By.CSS_SELECTOR, "div[class='flex gap-4'] button[type='button']:nth-child(1)").click()
        driver.find_element(By.XPATH, "//span[contains(text(),'Login via Password')]").click()
        driver.find_element(By.ID, "userName").send_keys("madhuitsdet@gmail.com")
        driver.find_element(By.ID, "password").send_keys("Madhu@2000")
        try:
            # Use the 'Okay' or 'Accept' button ID/Class from the banner
            cookie_button = driver.find_element(By.ID, "gdpr-cookie-accept")  # Example ID
            cookie_button.click()
        except:
            print("Cookie banner not found or already closed")
        driver.find_element(By.XPATH, "//button[text()='Login']").click()
    
        #********************homepage**************************************************
        homepagevalidation = driver.find_element(By.CSS_SELECTOR, "span[class='text-brand-primary']").text
        print("homepage"+homepagevalidation)
        time.sleep(1)
        driver.find_element(By.CSS_SELECTOR, "span[class='w-20 truncate text-xs']").click()
        time.sleep(1)
        driver.find_element(By.CSS_SELECTOR, "a[href='/seeker/profile']").click()
        profileinfo = driver.find_element(By.CSS_SELECTOR, "div[class='flex-1 ']").text
        print(profileinfo)
    
        #***********************profile page**********************************************
        resume_file_path = os.path.abspath("FounditAutomation/data/Madhu_Vanga_SDET_v6.pdf")
        uploadfile = driver.find_element(By.CSS_SELECTOR, "input[type='file']")
&gt;       uploadfile.send_keys(resume_file_path)

tests\pytest_end_to_end.py:65: 
_ _ _ _ _ _ _ _ _ _ _ _ _ _ _ _ _ _ _ _ _ _ _ _ _ _ _ _ _ _ _ _ _ _ _ _ _ _ _ _ _ _ _ _ _ _ _ _ _ _ _ _ _ _ _ _ _ _ _ _ _ _ _ _ _ _ 
..\..\Lib\site-packages\selenium\webdriver\remote\webelement.py:276: in send_keys
    self._execute(
..\..\Lib\site-packages\selenium\webdriver\remote\webelement.py:508: in _execute
    return self._parent.execute(command, params)
           ^^^^^^^^^^^^^^^^^^^^^^^^^^^^^^^^^^^^^
..\..\Lib\site-packages\selenium\webdriver\remote\webdriver.py:432: in execute
    self.error_handler.check_response(response)
_ _ _ _ _ _ _ _ _ _ _ _ _ _ _ _ _ _ _ _ _ _ _ _ _ _ _ _ _ _ _ _ _ _ _ _ _ _ _ _ _ _ _ _ _ _ _ _ _ _ _ _ _ _ _ _ _ _ _ _ _ _ _ _ _ _ 

self = &lt;selenium.webdriver.remote.errorhandler.ErrorHandler object at 0x0000015D38853A10&gt;
response = {'status': 400, 'value': '{"value":{"error":"invalid argument","message":"invalid argument: File not found : C:\\\\pyt...ff7595eed7c\\n\\t0x7ff7595d1ff4\\n\\t0x7ff7595d21a5\\n\\t0x7ff7595b7ed2\\n\\t0x7ff962c8259d\\n\\t0x7ff96320af78\\n"}}'}

    def check_response(self, response: dict[str, Any]) -&gt; None:
        """Check that a JSON response from the WebDriver does not have an error.
    
        Args:
            response: The JSON response from the WebDriver server as a dictionary
                object.
    
        Raises:
            WebDriverException: If the response contains an error message.
        """
        status = response.get("status", None)
        if not status or status == ErrorCode.SUCCESS:
            return
        value = None
        message = response.get("message", "")
        screen: str = response.get("screen", "")
        stacktrace = None
        if isinstance(status, int):
            value_json = response.get("value", None)
            if value_json and isinstance(value_json, str):
                try:
                    value = json.loads(value_json)
                    if isinstance(value, dict):
                        if len(value) == 1:
                            value = value["value"]
                        status = value.get("error", None)
                        if not status:
                            status = value.get("status", ErrorCode.UNKNOWN_ERROR)
                            message = value.get("value") or value.get("message")
                            if not isinstance(message, str):
                                value = message
                                message = message.get("message") if isinstance(message, dict) else None
                        else:
                            message = value.get("message", None)
                except ValueError:
                    pass
    
        exception_class: type[WebDriverException]
        e = ErrorCode()
        error_codes = [item for item in dir(e) if not item.startswith("__")]
        for error_code in error_codes:
            error_info = getattr(ErrorCode, error_code)
            if isinstance(error_info, list) and status in error_info:
                exception_class = getattr(ExceptionMapping, error_code, WebDriverException)
                break
        else:
            exception_class = WebDriverException
    
        if not value:
            value = response["value"]
        if isinstance(value, str):
            raise exception_class(value)
        if message == "" and "message" in value:
            message = value["message"]
    
        screen = None  # type: ignore[assignment]
        if "screen" in value:
            screen = value["screen"]
    
        stacktrace = None
        st_value = value.get("stackTrace") or value.get("stacktrace")
        if st_value:
            if isinstance(st_value, str):
                stacktrace = st_value.split("\n")
            else:
                stacktrace = []
                try:
                    for frame in st_value:
                        line = frame.get("lineNumber", "")
                        file = frame.get("fileName", "&lt;anonymous&gt;")
                        if line:
                            file = f"{file}:{line}"
                        meth = frame.get("methodName", "&lt;anonymous&gt;")
                        if "className" in frame:
                            meth = f"{frame['className']}.{meth}"
                        msg = "    at %s (%s)"
                        msg = msg % (meth, file)
                        stacktrace.append(msg)
                except TypeError:
                    pass
        if exception_class == UnexpectedAlertPresentException:
            alert_text = None
            if "data" in value:
                alert_text = value["data"].get("text")
            elif "alert" in value:
                alert_text = value["alert"].get("text")
            raise exception_class(message, screen, stacktrace, alert_text)  # type: ignore[call-arg]  # mypy is not smart enough here
&gt;       raise exception_class(message, screen, stacktrace)
E       selenium.common.exceptions.InvalidArgumentException: Message: invalid argument: File not found : C:\python32-38\foundit\FounditAutomation\FounditAutomation\data\Madhu_Vanga_SDET_v6.pdf
E         (Session info: chrome=144.0.7559.133)
E       Stacktrace:
E       Symbols not available. Dumping unresolved backtrace:
E       	0x7ff7595c88d5
E       	0x7ff7595c8930
E       	0x7ff7593a165d
E       	0x7ff7593f186b
E       	0x7ff759421fda
E       	0x7ff7593ec746
E       	0x7ff75944ac97
E       	0x7ff7593eac29
E       	0x7ff7593eba93
E       	0x7ff7598e0620
E       	0x7ff7598daf60
E       	0x7ff7598f96c6
E       	0x7ff7595e5dd4
E       	0x7ff7595eed7c
E       	0x7ff7595d1ff4
E       	0x7ff7595d21a5
E       	0x7ff7595b7ed2
E       	0x7ff962c8259d
E       	0x7ff96320af78

..\..\Lib\site-packages\selenium\webdriver\remote\errorhandler.py:232: InvalidArgumentException</failure></testcase></testsuite></testsuites>